CPU USAGE: 0.0
NGINX - no active
Disk USAGE:
Filesystem      Size  Used Avail Use% Mounted on
/dev/sda2        49G  4.0G   43G   9% /
CPU USAGE: 0.0
NGINX - no active
Disk USAGE:
Filesystem      Size  Used Avail Use% Mounted on
/dev/sda2        49G  4.0G   43G   9% /
CPU USAGE: 0.0
NGINX - no active
Disk USAGE:
Filesystem      Size  Used Avail Use% Mounted on
/dev/sda2        49G  4.0G   43G   9% /
CPU USAGE: 0.0
NGINX - no active
Disk USAGE:
Filesystem      Size  Used Avail Use% Mounted on
/dev/sda2        49G  4.0G   43G   9% /
CPU USAGE: 0.0
NGINX - no active
Disk USAGE:
Filesystem      Size  Used Avail Use% Mounted on
/dev/sda2        49G  4.0G   43G   9% /
CPU USAGE: 0.0
NGINX - no active
Disk USAGE:
Filesystem      Size  Used Avail Use% Mounted on
/dev/sda2        49G  4.0G   43G   9% /
CPU USAGE: 0.0
NGINX - no active
Disk USAGE:
Filesystem      Size  Used Avail Use% Mounted on
/dev/sda2        49G  4.0G   43G   9% /
CPU USAGE: 0.0
NGINX - no active
Disk USAGE:
Filesystem      Size  Used Avail Use% Mounted on
/dev/sda2        49G  4.0G   43G   9% /
CPU USAGE: 0.0
NGINX - no active
Disk USAGE:
Filesystem      Size  Used Avail Use% Mounted on
/dev/sda2        49G  4.0G   43G   9% /
CPU USAGE: 0.0
NGINX - no active
Disk USAGE:
Filesystem      Size  Used Avail Use% Mounted on
/dev/sda2        49G  4.0G   43G   9% /
CPU USAGE: 0.0
NGINX - no active
Disk USAGE:
Filesystem      Size  Used Avail Use% Mounted on
/dev/sda2        49G  4.0G   43G   9% /
CPU USAGE: 0.0
NGINX - no active
Disk USAGE:
Filesystem      Size  Used Avail Use% Mounted on
/dev/sda2        49G  4.0G   43G   9% /
CPU USAGE: 0.1
NGINX - no active
Disk USAGE:
Filesystem      Size  Used Avail Use% Mounted on
/dev/sda2        49G  4.0G   43G   9% /
CPU USAGE: 0.0
NGINX - no active
Disk USAGE:
Filesystem      Size  Used Avail Use% Mounted on
/dev/sda2        49G  4.0G   43G   9% /
CPU USAGE: 0.0
NGINX - no active
Disk USAGE:
Filesystem      Size  Used Avail Use% Mounted on
/dev/sda2        49G  4.0G   43G   9% /
CPU USAGE: 0.0
NGINX - no active
Disk USAGE:
Filesystem      Size  Used Avail Use% Mounted on
/dev/sda2        49G  4.0G   43G   9% /
CPU USAGE: 0.0
NGINX - no active
Disk USAGE:
Filesystem      Size  Used Avail Use% Mounted on
/dev/sda2        49G  4.0G   43G   9% /
CPU USAGE: 0.0
NGINX - no active
Disk USAGE:
Filesystem      Size  Used Avail Use% Mounted on
/dev/sda2        49G  4.0G   43G   9% /
CPU USAGE: 0.0
NGINX - no active
Disk USAGE:
Filesystem      Size  Used Avail Use% Mounted on
/dev/sda2        49G  4.0G   43G   9% /
CPU USAGE: 0.0
NGINX - no active
Disk USAGE:
Filesystem      Size  Used Avail Use% Mounted on
/dev/sda2        49G  4.0G   43G   9% /
CPU USAGE: 0.0
NGINX - no active
Disk USAGE:
Filesystem      Size  Used Avail Use% Mounted on
/dev/sda2        49G  4.0G   43G   9% /
CPU USAGE: 0.0
NGINX - no active
Disk USAGE:
Filesystem      Size  Used Avail Use% Mounted on
/dev/sda2        49G  4.0G   43G   9% /
CPU USAGE: 0.0
NGINX - no active
Disk USAGE:
Filesystem      Size  Used Avail Use% Mounted on
/dev/sda2        49G  4.0G   43G   9% /
CPU USAGE: 0.0
NGINX - no active
Disk USAGE:
Filesystem      Size  Used Avail Use% Mounted on
/dev/sda2        49G  4.0G   43G   9% /
CPU USAGE: 0.0
NGINX - no active
Disk USAGE:
Filesystem      Size  Used Avail Use% Mounted on
/dev/sda2        49G  4.0G   43G   9% /
CPU USAGE: 0.0
NGINX - no active
Disk USAGE:
Filesystem      Size  Used Avail Use% Mounted on
/dev/sda2        49G  4.0G   43G   9% /
CPU USAGE: 0.0
NGINX - no active
Disk USAGE:
Filesystem      Size  Used Avail Use% Mounted on
/dev/sda2        49G  4.0G   43G   9% /
CPU USAGE: 0.0
NGINX - no active
Disk USAGE:
Filesystem      Size  Used Avail Use% Mounted on
/dev/sda2        49G  4.0G   43G   9% /
CPU USAGE: 0.0
NGINX - no active
Disk USAGE:
Filesystem      Size  Used Avail Use% Mounted on
/dev/sda2        49G  4.0G   43G   9% /
CPU USAGE: 0.0
NGINX - no active
Disk USAGE:
Filesystem      Size  Used Avail Use% Mounted on
/dev/sda2        49G  4.0G   43G   9% /
CPU USAGE: 0.0
NGINX - no active
Disk USAGE:
Filesystem      Size  Used Avail Use% Mounted on
/dev/sda2        49G  4.0G   43G   9% /
CPU USAGE: 0.0
NGINX - no active
Disk USAGE:
Filesystem      Size  Used Avail Use% Mounted on
/dev/sda2        49G  4.0G   43G   9% /
CPU USAGE: 0.0
NGINX - no active
Disk USAGE:
Filesystem      Size  Used Avail Use% Mounted on
/dev/sda2        49G  4.0G   43G   9% /
CPU USAGE: 0.0
NGINX - no active
Disk USAGE:
Filesystem      Size  Used Avail Use% Mounted on
/dev/sda2        49G  4.0G   43G   9% /
CPU USAGE: 0.0
NGINX - no active
Disk USAGE:
Filesystem      Size  Used Avail Use% Mounted on
/dev/sda2        49G  4.0G   43G   9% /
CPU USAGE: 0.0
NGINX - no active
Disk USAGE:
Filesystem      Size  Used Avail Use% Mounted on
/dev/sda2        49G  4.0G   43G   9% /
CPU USAGE: 0.0
NGINX - no active
Disk USAGE:
Filesystem      Size  Used Avail Use% Mounted on
/dev/sda2        49G  4.0G   43G   9% /
CPU USAGE: 0.0
NGINX - no active
Disk USAGE:
Filesystem      Size  Used Avail Use% Mounted on
/dev/sda2        49G  4.0G   43G   9% /
CPU USAGE: 0.0
NGINX - no active
Disk USAGE:
Filesystem      Size  Used Avail Use% Mounted on
/dev/sda2        49G  4.0G   43G   9% /
CPU USAGE: 0.0
NGINX - no active
Disk USAGE:
Filesystem      Size  Used Avail Use% Mounted on
/dev/sda2        49G  4.0G   43G   9% /
CPU USAGE: 0.0
NGINX - no active
Disk USAGE:
Filesystem      Size  Used Avail Use% Mounted on
/dev/sda2        49G  4.0G   43G   9% /
CPU USAGE: 0.0
NGINX - no active
Disk USAGE:
Filesystem      Size  Used Avail Use% Mounted on
/dev/sda2        49G  4.0G   43G   9% /
CPU USAGE: 0.0
NGINX - no active
Disk USAGE:
Filesystem      Size  Used Avail Use% Mounted on
/dev/sda2        49G  4.0G   43G   9% /
CPU USAGE: 0.0
NGINX - no active
Disk USAGE:
Filesystem      Size  Used Avail Use% Mounted on
/dev/sda2        49G  4.0G   43G   9% /
CPU USAGE: 0.0
NGINX - no active
Disk USAGE:
Filesystem      Size  Used Avail Use% Mounted on
/dev/sda2        49G  4.0G   43G   9% /
CPU USAGE: 0.0
NGINX - no active
Disk USAGE:
Filesystem      Size  Used Avail Use% Mounted on
/dev/sda2        49G  4.0G   43G   9% /
CPU USAGE: 0.0
NGINX - no active
Disk USAGE:
Filesystem      Size  Used Avail Use% Mounted on
/dev/sda2        49G  4.0G   43G   9% /
CPU USAGE: 0.0
NGINX - no active
Disk USAGE:
Filesystem      Size  Used Avail Use% Mounted on
/dev/sda2        49G  4.0G   43G   9% /
CPU USAGE: 0.0
NGINX - no active
Disk USAGE:
Filesystem      Size  Used Avail Use% Mounted on
/dev/sda2        49G  4.0G   43G   9% /
CPU USAGE: 0.0
NGINX - no active
Disk USAGE:
Filesystem      Size  Used Avail Use% Mounted on
/dev/sda2        49G  4.0G   43G   9% /
CPU USAGE: 0.0
NGINX - no active
Disk USAGE:
Filesystem      Size  Used Avail Use% Mounted on
/dev/sda2        49G  4.0G   43G   9% /
CPU USAGE: 0.0
NGINX - no active
Disk USAGE:
Filesystem      Size  Used Avail Use% Mounted on
/dev/sda2        49G  4.0G   43G   9% /
CPU USAGE: 0.0
NGINX - no active
Disk USAGE:
Filesystem      Size  Used Avail Use% Mounted on
/dev/sda2        49G  4.0G   43G   9% /
CPU USAGE: 0.0
NGINX - no active
Disk USAGE:
Filesystem      Size  Used Avail Use% Mounted on
/dev/sda2        49G  4.0G   43G   9% /
CPU USAGE: 0.0
NGINX - no active
Disk USAGE:
Filesystem      Size  Used Avail Use% Mounted on
/dev/sda2        49G  4.0G   43G   9% /
CPU USAGE: 0.0
NGINX - no active
Disk USAGE:
Filesystem      Size  Used Avail Use% Mounted on
/dev/sda2        49G  4.0G   43G   9% /
CPU USAGE: 0.0
NGINX - no active
Disk USAGE:
Filesystem      Size  Used Avail Use% Mounted on
/dev/sda2        49G  4.0G   43G   9% /
CPU USAGE: 0.0
NGINX - no active
Disk USAGE:
Filesystem      Size  Used Avail Use% Mounted on
/dev/sda2        49G  4.0G   43G   9% /
CPU USAGE: 0.0
NGINX - no active
Disk USAGE:
Filesystem      Size  Used Avail Use% Mounted on
/dev/sda2        49G  4.0G   43G   9% /
CPU USAGE: 0.0
NGINX - no active
Disk USAGE:
Filesystem      Size  Used Avail Use% Mounted on
/dev/sda2        49G  4.0G   43G   9% /
CPU USAGE: 0.0
NGINX - no active
Disk USAGE:
Filesystem      Size  Used Avail Use% Mounted on
/dev/sda2        49G  4.0G   43G   9% /
CPU USAGE: 0.0
NGINX - no active
Disk USAGE:
Filesystem      Size  Used Avail Use% Mounted on
/dev/sda2        49G  4.0G   43G   9% /
CPU USAGE: 0.0
NGINX - no active
Disk USAGE:
Filesystem      Size  Used Avail Use% Mounted on
/dev/sda2        49G  4.0G   43G   9% /
CPU USAGE: 0.0
NGINX - no active
Disk USAGE:
Filesystem      Size  Used Avail Use% Mounted on
/dev/sda2        49G  4.0G   43G   9% /
